# JRE version: OpenJDK Runtime Environment Temurin-21.0.8+9 (21.0.8+9) (build 21.0.8+9-LTS)
# Java VM: OpenJDK 64-Bit Server VM Temurin-21.0.8+9 (21.0.8+9-LTS, mixed mode, sharing, tiered, compressed oops, compressed class ptrs, parallel gc, windows-amd64)
GC Precious Log:
 CardTable entry size: 512
 CPUs: 12 total, 12 available
 Memory: 16068M
 Large Page Support: Disabled
 NUMA Support: Disabled
 Compressed Oops: Enabled (32-bit)
 Alignments: Space 512K, Generation 512K, Heap 2M
 Heap Min Capacity: 100M
 Heap Initial Capacity: 100M
 Heap Max Capacity: 2G
 Pre-touch: Disabled
 Parallel Workers: 10
Heap:
 PSYoungGen      total 13312K, used 12040K [0x00000000d5580000, 0x00000000d6680000, 0x0000000100000000)
  eden space 12288K, 94% used [0x00000000d5580000,0x00000000d60e2368,0x00000000d6180000)
  from space 1024K, 37% used [0x00000000d6480000,0x00000000d64e0020,0x00000000d6580000)
  to   space 512K, 0% used [0x00000000d6600000,0x00000000d6600000,0x00000000d6680000)
 ParOldGen       total 86016K, used 85729K [0x0000000080000000, 0x0000000085400000, 0x00000000d5580000)
  object space 86016K, 99% used [0x0000000080000000,0x00000000853b84f0,0x0000000085400000)
 Metaspace       used 72670K, committed 74240K, reserved 1179648K
  class space    used 7678K, committed 8384K, reserved 1048576K
GC Heap History (20 events):
Event: 159.179 GC heap before
{Heap before GC invocations=55 (full 3):
 PSYoungGen      total 13312K, used 13293K [0x00000000d5580000, 0x00000000d7080000, 0x0000000100000000)
  eden space 12288K, 100% used [0x00000000d5580000,0x00000000d6180000,0x00000000d6180000)
  from space 1024K, 98% used [0x00000000d6200000,0x00000000d62fb510,0x00000000d6300000)
  to   space 7680K, 0% used [0x00000000d6900000,0x00000000d6900000,0x00000000d7080000)
 ParOldGen       total 70144K, used 69962K [0x0000000080000000, 0x0000000084480000, 0x00000000d5580000)
  object space 70144K, 99% used [0x0000000080000000,0x00000000844528d8,0x0000000084480000)
 Metaspace       used 69847K, committed 71360K, reserved 1114112K
  class space    used 7585K, committed 8192K, reserved 1048576K
}
Event: 159.184 GC heap after
{Heap after GC invocations=55 (full 3):
 PSYoungGen      total 16384K, used 3787K [0x00000000d5580000, 0x00000000d6d00000, 0x0000000100000000)
  eden space 12288K, 0% used [0x00000000d5580000,0x00000000d5580000,0x00000000d6180000)
  from space 4096K, 92% used [0x00000000d6900000,0x00000000d6cb2f80,0x00000000d6d00000)
  to   space 5120K, 0% used [0x00000000d6300000,0x00000000d6300000,0x00000000d6800000)
 ParOldGen       total 71680K, used 71007K [0x0000000080000000, 0x0000000084600000, 0x00000000d5580000)
  object space 71680K, 99% used [0x0000000080000000,0x0000000084557df8,0x0000000084600000)
 Metaspace       used 69847K, committed 71360K, reserved 1114112K
  class space    used 7585K, committed 8192K, reserved 1048576K
}
Event: 159.861 GC heap before
{Heap before GC invocations=56 (full 3):
 PSYoungGen      total 16384K, used 16075K [0x00000000d5580000, 0x00000000d6d00000, 0x0000000100000000)
  eden space 12288K, 100% used [0x00000000d5580000,0x00000000d6180000,0x00000000d6180000)
  from space 4096K, 92% used [0x00000000d6900000,0x00000000d6cb2f80,0x00000000d6d00000)
  to   space 5120K, 0% used [0x00000000d6300000,0x00000000d6300000,0x00000000d6800000)
 ParOldGen       total 71680K, used 71007K [0x0000000080000000, 0x0000000084600000, 0x00000000d5580000)
  object space 71680K, 99% used [0x0000000080000000,0x0000000084557df8,0x0000000084600000)
 Metaspace       used 70047K, committed 71552K, reserved 1114112K
  class space    used 7595K, committed 8192K, reserved 1048576K
}
Event: 159.868 GC heap after
{Heap after GC invocations=56 (full 3):
 PSYoungGen      total 14336K, used 1576K [0x00000000d5580000, 0x00000000d6980000, 0x0000000100000000)
  eden space 12288K, 0% used [0x00000000d5580000,0x00000000d5580000,0x00000000d6180000)
  from space 2048K, 76% used [0x00000000d6300000,0x00000000d648a3a8,0x00000000d6500000)
  to   space 2560K, 0% used [0x00000000d6700000,0x00000000d6700000,0x00000000d6980000)
 ParOldGen       total 74752K, used 74635K [0x0000000080000000, 0x0000000084900000, 0x00000000d5580000)
  object space 74752K, 99% used [0x0000000080000000,0x00000000848e2d78,0x0000000084900000)
 Metaspace       used 70047K, committed 71552K, reserved 1114112K
  class space    used 7595K, committed 8192K, reserved 1048576K
}
Event: 160.293 GC heap before
{Heap before GC invocations=57 (full 3):
 PSYoungGen      total 14336K, used 13864K [0x00000000d5580000, 0x00000000d6980000, 0x0000000100000000)
  eden space 12288K, 100% used [0x00000000d5580000,0x00000000d6180000,0x00000000d6180000)
  from space 2048K, 76% used [0x00000000d6300000,0x00000000d648a3a8,0x00000000d6500000)
  to   space 2560K, 0% used [0x00000000d6700000,0x00000000d6700000,0x00000000d6980000)
 ParOldGen       total 74752K, used 74635K [0x0000000080000000, 0x0000000084900000, 0x00000000d5580000)
  object space 74752K, 99% used [0x0000000080000000,0x00000000848e2d78,0x0000000084900000)
 Metaspace       used 70298K, committed 71872K, reserved 1114112K
  class space    used 7606K, committed 8256K, reserved 1048576K
}
Event: 160.297 GC heap after
{Heap after GC invocations=57 (full 3):
 PSYoungGen      total 14848K, used 2543K [0x00000000d5580000, 0x00000000d6980000, 0x0000000100000000)
  eden space 12288K, 0% used [0x00000000d5580000,0x00000000d5580000,0x00000000d6180000)
  from space 2560K, 99% used [0x00000000d6700000,0x00000000d697bd40,0x00000000d6980000)
  to   space 4096K, 0% used [0x00000000d6180000,0x00000000d6180000,0x00000000d6580000)
 ParOldGen       total 75776K, used 75493K [0x0000000080000000, 0x0000000084a00000, 0x00000000d5580000)
  object space 75776K, 99% used [0x0000000080000000,0x00000000849b9680,0x0000000084a00000)
 Metaspace       used 70298K, committed 71872K, reserved 1114112K
  class space    used 7606K, committed 8256K, reserved 1048576K
}
Event: 161.232 GC heap before
{Heap before GC invocations=58 (full 3):
 PSYoungGen      total 14848K, used 14831K [0x00000000d5580000, 0x00000000d6980000, 0x0000000100000000)
  eden space 12288K, 100% used [0x00000000d5580000,0x00000000d6180000,0x00000000d6180000)
  from space 2560K, 99% used [0x00000000d6700000,0x00000000d697bd40,0x00000000d6980000)
  to   space 4096K, 0% used [0x00000000d6180000,0x00000000d6180000,0x00000000d6580000)
 ParOldGen       total 75776K, used 75493K [0x0000000080000000, 0x0000000084a00000, 0x00000000d5580000)
  object space 75776K, 99% used [0x0000000080000000,0x00000000849b9680,0x0000000084a00000)
 Metaspace       used 70808K, committed 72320K, reserved 1114112K
  class space    used 7620K, committed 8256K, reserved 1048576K
}
Event: 161.240 GC heap after
{Heap after GC invocations=58 (full 3):
 PSYoungGen      total 14336K, used 1991K [0x00000000d5580000, 0x00000000d6780000, 0x0000000100000000)
  eden space 12288K, 0% used [0x00000000d5580000,0x00000000d5580000,0x00000000d6180000)
  from space 2048K, 97% used [0x00000000d6180000,0x00000000d6371ec0,0x00000000d6380000)
  to   space 2560K, 0% used [0x00000000d6500000,0x00000000d6500000,0x00000000d6780000)
 ParOldGen       total 78336K, used 77931K [0x0000000080000000, 0x0000000084c80000, 0x00000000d5580000)
  object space 78336K, 99% used [0x0000000080000000,0x0000000084c1acb0,0x0000000084c80000)
 Metaspace       used 70808K, committed 72320K, reserved 1114112K
  class space    used 7620K, committed 8256K, reserved 1048576K
}
Event: 161.870 GC heap before
{Heap before GC invocations=59 (full 3):
 PSYoungGen      total 14336K, used 14279K [0x00000000d5580000, 0x00000000d6780000, 0x0000000100000000)
  eden space 12288K, 100% used [0x00000000d5580000,0x00000000d6180000,0x00000000d6180000)
  from space 2048K, 97% used [0x00000000d6180000,0x00000000d6371ec0,0x00000000d6380000)
  to   space 2560K, 0% used [0x00000000d6500000,0x00000000d6500000,0x00000000d6780000)
 ParOldGen       total 78336K, used 77931K [0x0000000080000000, 0x0000000084c80000, 0x00000000d5580000)
  object space 78336K, 99% used [0x0000000080000000,0x0000000084c1acb0,0x0000000084c80000)
 Metaspace       used 71350K, committed 72832K, reserved 1114112K
  class space    used 7633K, committed 8256K, reserved 1048576K
}
Event: 161.876 GC heap after
{Heap after GC invocations=59 (full 3):
 PSYoungGen      total 14848K, used 2389K [0x00000000d5580000, 0x00000000d6780000, 0x0000000100000000)
  eden space 12288K, 0% used [0x00000000d5580000,0x00000000d5580000,0x00000000d6180000)
  from space 2560K, 93% used [0x00000000d6500000,0x00000000d67555f8,0x00000000d6780000)
  to   space 2560K, 0% used [0x00000000d6280000,0x00000000d6280000,0x00000000d6500000)
 ParOldGen       total 79872K, used 79681K [0x0000000080000000, 0x0000000084e00000, 0x00000000d5580000)
  object space 79872K, 99% used [0x0000000080000000,0x0000000084dd0530,0x0000000084e00000)
 Metaspace       used 71350K, committed 72832K, reserved 1114112K
  class space    used 7633K, committed 8256K, reserved 1048576K
}
Event: 162.970 GC heap before
{Heap before GC invocations=60 (full 3):
 PSYoungGen      total 14848K, used 14677K [0x00000000d5580000, 0x00000000d6780000, 0x0000000100000000)
  eden space 12288K, 100% used [0x00000000d5580000,0x00000000d6180000,0x00000000d6180000)
  from space 2560K, 93% used [0x00000000d6500000,0x00000000d67555f8,0x00000000d6780000)
  to   space 2560K, 0% used [0x00000000d6280000,0x00000000d6280000,0x00000000d6500000)
 ParOldGen       total 79872K, used 79681K [0x0000000080000000, 0x0000000084e00000, 0x00000000d5580000)
  object space 79872K, 99% used [0x0000000080000000,0x0000000084dd0530,0x0000000084e00000)
 Metaspace       used 71866K, committed 73408K, reserved 1114112K
  class space    used 7640K, committed 8256K, reserved 1048576K
}
Event: 162.976 GC heap after
{Heap after GC invocations=60 (full 3):
 PSYoungGen      total 14848K, used 2544K [0x00000000d5580000, 0x00000000d6c80000, 0x0000000100000000)
  eden space 12288K, 0% used [0x00000000d5580000,0x00000000d5580000,0x00000000d6180000)
  from space 2560K, 99% used [0x00000000d6280000,0x00000000d64fc1f8,0x00000000d6500000)
  to   space 5632K, 0% used [0x00000000d6700000,0x00000000d6700000,0x00000000d6c80000)
 ParOldGen       total 82432K, used 81954K [0x0000000080000000, 0x0000000085080000, 0x00000000d5580000)
  object space 82432K, 99% used [0x0000000080000000,0x0000000085008a90,0x0000000085080000)
 Metaspace       used 71866K, committed 73408K, reserved 1114112K
  class space    used 7640K, committed 8256K, reserved 1048576K
}
Event: 164.010 GC heap before
{Heap before GC invocations=61 (full 3):
 PSYoungGen      total 14848K, used 14832K [0x00000000d5580000, 0x00000000d6c80000, 0x0000000100000000)
  eden space 12288K, 99% used [0x00000000d5580000,0x00000000d617ffd8,0x00000000d6180000)
  from space 2560K, 99% used [0x00000000d6280000,0x00000000d64fc1f8,0x00000000d6500000)
  to   space 5632K, 0% used [0x00000000d6700000,0x00000000d6700000,0x00000000d6c80000)
 ParOldGen       total 82432K, used 81954K [0x0000000080000000, 0x0000000085080000, 0x00000000d5580000)
  object space 82432K, 99% used [0x0000000080000000,0x0000000085008a90,0x0000000085080000)
 Metaspace       used 72078K, committed 73664K, reserved 1179648K
  class space    used 7651K, committed 8320K, reserved 1048576K
}
Event: 164.014 GC heap after
{Heap after GC invocations=61 (full 3):
 PSYoungGen      total 13312K, used 625K [0x00000000d5580000, 0x00000000d6800000, 0x0000000100000000)
  eden space 12288K, 0% used [0x00000000d5580000,0x00000000d5580000,0x00000000d6180000)
  from space 1024K, 61% used [0x00000000d6700000,0x00000000d679c638,0x00000000d6800000)
  to   space 2560K, 0% used [0x00000000d6300000,0x00000000d6300000,0x00000000d6580000)
 ParOldGen       total 84480K, used 84106K [0x0000000080000000, 0x0000000085280000, 0x00000000d5580000)
  object space 84480K, 99% used [0x0000000080000000,0x00000000852229c8,0x0000000085280000)
 Metaspace       used 72078K, committed 73664K, reserved 1179648K
  class space    used 7651K, committed 8320K, reserved 1048576K
}
Event: 204.808 GC heap before
{Heap before GC invocations=62 (full 3):
 PSYoungGen      total 13312K, used 12913K [0x00000000d5580000, 0x00000000d6800000, 0x0000000100000000)
  eden space 12288K, 100% used [0x00000000d5580000,0x00000000d6180000,0x00000000d6180000)
  from space 1024K, 61% used [0x00000000d6700000,0x00000000d679c638,0x00000000d6800000)
  to   space 2560K, 0% used [0x00000000d6300000,0x00000000d6300000,0x00000000d6580000)
 ParOldGen       total 84480K, used 84106K [0x0000000080000000, 0x0000000085280000, 0x00000000d5580000)
  object space 84480K, 99% used [0x0000000080000000,0x00000000852229c8,0x0000000085280000)
 Metaspace       used 72178K, committed 73728K, reserved 1179648K
  class space    used 7651K, committed 8320K, reserved 1048576K
}
Event: 204.810 GC heap after
{Heap after GC invocations=62 (full 3):
 PSYoungGen      total 14848K, used 1088K [0x00000000d5580000, 0x00000000d6780000, 0x0000000100000000)
  eden space 12288K, 0% used [0x00000000d5580000,0x00000000d5580000,0x00000000d6180000)
  from space 2560K, 42% used [0x00000000d6300000,0x00000000d6410000,0x00000000d6580000)
  to   space 1536K, 0% used [0x00000000d6600000,0x00000000d6600000,0x00000000d6780000)
 ParOldGen       total 84992K, used 84544K [0x0000000080000000, 0x0000000085300000, 0x00000000d5580000)
  object space 84992K, 99% used [0x0000000080000000,0x0000000085290120,0x0000000085300000)
 Metaspace       used 72178K, committed 73728K, reserved 1179648K
  class space    used 7651K, committed 8320K, reserved 1048576K
}
Event: 54096.783 GC heap before
{Heap before GC invocations=63 (full 3):
 PSYoungGen      total 14848K, used 13376K [0x00000000d5580000, 0x00000000d6780000, 0x0000000100000000)
  eden space 12288K, 100% used [0x00000000d5580000,0x00000000d6180000,0x00000000d6180000)
  from space 2560K, 42% used [0x00000000d6300000,0x00000000d6410000,0x00000000d6580000)
  to   space 1536K, 0% used [0x00000000d6600000,0x00000000d6600000,0x00000000d6780000)
 ParOldGen       total 84992K, used 84544K [0x0000000080000000, 0x0000000085300000, 0x00000000d5580000)
  object space 84992K, 99% used [0x0000000080000000,0x0000000085290120,0x0000000085300000)
 Metaspace       used 72518K, committed 74048K, reserved 1179648K
  class space    used 7677K, committed 8384K, reserved 1048576K
}
Event: 54096.852 GC heap after
{Heap after GC invocations=63 (full 3):
 PSYoungGen      total 12800K, used 448K [0x00000000d5580000, 0x00000000d6680000, 0x0000000100000000)
  eden space 12288K, 0% used [0x00000000d5580000,0x00000000d5580000,0x00000000d6180000)
  from space 512K, 87% used [0x00000000d6600000,0x00000000d6670020,0x00000000d6680000)
  to   space 1024K, 0% used [0x00000000d6480000,0x00000000d6480000,0x00000000d6580000)
 ParOldGen       total 86016K, used 85553K [0x0000000080000000, 0x0000000085400000, 0x00000000d5580000)
  object space 86016K, 99% used [0x0000000080000000,0x000000008538c4d0,0x0000000085400000)
 Metaspace       used 72518K, committed 74048K, reserved 1179648K
  class space    used 7677K, committed 8384K, reserved 1048576K
}
Event: 54142.005 GC heap before
{Heap before GC invocations=64 (full 3):
 PSYoungGen      total 12800K, used 12736K [0x00000000d5580000, 0x00000000d6680000, 0x0000000100000000)
  eden space 12288K, 100% used [0x00000000d5580000,0x00000000d6180000,0x00000000d6180000)
  from space 512K, 87% used [0x00000000d6600000,0x00000000d6670020,0x00000000d6680000)
  to   space 1024K, 0% used [0x00000000d6480000,0x00000000d6480000,0x00000000d6580000)
 ParOldGen       total 86016K, used 85553K [0x0000000080000000, 0x0000000085400000, 0x00000000d5580000)
  object space 86016K, 99% used [0x0000000080000000,0x000000008538c4d0,0x0000000085400000)
 Metaspace       used 72574K, committed 74112K, reserved 1179648K
  class space    used 7677K, committed 8384K, reserved 1048576K
}
Event: 54142.010 GC heap after
{Heap after GC invocations=64 (full 3):
 PSYoungGen      total 13312K, used 384K [0x00000000d5580000, 0x00000000d6680000, 0x0000000100000000)
  eden space 12288K, 0% used [0x00000000d5580000,0x00000000d5580000,0x00000000d6180000)
  from space 1024K, 37% used [0x00000000d6480000,0x00000000d64e0020,0x00000000d6580000)
  to   space 512K, 0% used [0x00000000d6600000,0x00000000d6600000,0x00000000d6680000)
 ParOldGen       total 86016K, used 85729K [0x0000000080000000, 0x0000000085400000, 0x00000000d5580000)
  object space 86016K, 99% used [0x0000000080000000,0x00000000853b84f0,0x0000000085400000)
 Metaspace       used 72574K, committed 74112K, reserved 1179648K
  class space    used 7677K, committed 8384K, reserved 1048576K
}

